npm error code ERESOLVE
npm error ERESOLVE could not resolve
npm error
npm error While resolving: @excalidraw/excalidraw@0.17.6
npm error Found: react@19.0.0
npm error node_modules/react
npm error   react@"19.0.0" from the root project
npm error   peer react@">=16.8.0" from @floating-ui/react@0.26.28
npm error   node_modules/@floating-ui/react
npm error     @floating-ui/react@"^0.26.16" from @headlessui/react@2.2.9
npm error     node_modules/@headlessui/react
npm error       @headlessui/react@"^2.2.0" from the root project
npm error   26 more (@floating-ui/react-dom, @headlessui/react, ...)
npm error
npm error Could not resolve dependency:
npm error peer react@"^17.0.2 || ^18.2.0" from @excalidraw/excalidraw@0.17.6
npm error node_modules/@excalidraw/excalidraw
npm error   @excalidraw/excalidraw@"^0.17.3" from the root project
npm error
npm error Conflicting peer dependency: react@18.3.1
npm error node_modules/react
npm error   peer react@"^17.0.2 || ^18.2.0" from @excalidraw/excalidraw@0.17.6
npm error   node_modules/@excalidraw/excalidraw
npm error     @excalidraw/excalidraw@"^0.17.3" from the root project
npm error
npm error Fix the upstream dependency conflict, or retry
npm error this command with --force or --legacy-peer-deps
npm error to accept an incorrect (and potentially broken) dependency resolution.
npm error
npm error
npm error For a full report see:
npm error /home/ubuntu/.npm/_logs/2025-10-06T20_45_34_184Z-eresolve-report.txt
npm error A complete log of this run can be found in: /home/ubuntu/.npm/_logs/2025-10-06T20_45_34_184Z-debug-0.log
